<?xml version="1.0" encoding="utf-8"?><testsuites name="pytest tests"><testsuite name="pytest" errors="0" failures="0" skipped="0" tests="35" time="8.400" timestamp="2026-02-17T05:29:34.113277+00:00" hostname="agent-env-7213c83a-9472-44e7-958d-6aba69978daa"><testcase classname="backend.tests.test_fotos_express_api.TestHealthCheck" name="test_health_endpoint" time="0.385" /><testcase classname="backend.tests.test_fotos_express_api.TestZonesAPI" name="test_get_all_zones" time="0.188" /><testcase classname="backend.tests.test_fotos_express_api.TestZonesAPI" name="test_get_active_zones" time="0.234" /><testcase classname="backend.tests.test_fotos_express_api.TestZonesAPI" name="test_create_zone" time="0.124" /><testcase classname="backend.tests.test_fotos_express_api.TestZonesAPI" name="test_create_and_delete_zone" time="0.419" /><testcase classname="backend.tests.test_fotos_express_api.TestBusinessesAPI" name="test_get_all_businesses" time="0.165" /><testcase classname="backend.tests.test_fotos_express_api.TestBusinessesAPI" name="test_get_active_businesses" time="0.262" /><testcase classname="backend.tests.test_fotos_express_api.TestBusinessesAPI" name="test_create_business" time="0.156" /><testcase classname="backend.tests.test_fotos_express_api.TestBusinessesAPI" name="test_create_and_delete_business" time="0.242" /><testcase classname="backend.tests.test_fotos_express_api.TestActivitiesAPI" name="test_get_all_activities" time="0.140" /><testcase classname="backend.tests.test_fotos_express_api.TestActivitiesAPI" name="test_get_active_activities" time="0.104" /><testcase classname="backend.tests.test_fotos_express_api.TestActivitiesAPI" name="test_get_activities_by_business" time="0.276" /><testcase classname="backend.tests.test_fotos_express_api.TestActivitiesAPI" name="test_create_activity" time="0.225" /><testcase classname="backend.tests.test_fotos_express_api.TestAmbulantClientsAPI" name="test_get_all_ambulant_clients" time="0.124" /><testcase classname="backend.tests.test_fotos_express_api.TestAmbulantClientsAPI" name="test_get_ambulant_clients_for_staff" time="0.104" /><testcase classname="backend.tests.test_fotos_express_api.TestAmbulantClientsAPI" name="test_create_ambulant_client" time="0.219" /><testcase classname="backend.tests.test_fotos_express_api.TestAmbulantClientsAPI" name="test_get_ambulant_clients_by_zone" time="0.244" /><testcase classname="backend.tests.test_fotos_express_api.TestActivityClientsAPI" name="test_get_all_activity_clients" time="0.161" /><testcase classname="backend.tests.test_fotos_express_api.TestActivityClientsAPI" name="test_get_activity_clients_for_staff" time="0.151" /><testcase classname="backend.tests.test_fotos_express_api.TestActivityClientsAPI" name="test_create_activity_client" time="0.420" /><testcase classname="backend.tests.test_fotos_express_api.TestActivityClientsAPI" name="test_get_activity_clients_by_activity" time="0.258" /><testcase classname="backend.tests.test_fotos_express_api.TestStaffAuthentication" name="test_staff_login_success" time="0.125" /><testcase classname="backend.tests.test_fotos_express_api.TestStaffAuthentication" name="test_staff_login_invalid_password" time="0.139" /><testcase classname="backend.tests.test_fotos_express_api.TestStaffAuthentication" name="test_staff_login_nonexistent_user" time="0.141" /><testcase classname="backend.tests.test_fotos_express_api.TestStaffUsersAPI" name="test_get_staff_users" time="0.193" /><testcase classname="backend.tests.test_fotos_express_api.TestStaffUsersAPI" name="test_get_staff_user_by_email" time="0.128" /><testcase classname="backend.tests.test_fotos_express_api.TestStaffAssignment" name="test_assign_staff_to_zone" time="0.366" /><testcase classname="backend.tests.test_fotos_express_api.TestStaffAssignment" name="test_assign_staff_to_activity" time="0.360" /><testcase classname="backend.tests.test_fotos_express_api.TestServiceRequestsAPI" name="test_get_service_requests" time="0.152" /><testcase classname="backend.tests.test_fotos_express_api.TestStaffApplicationsAPI" name="test_get_staff_applications" time="0.183" /><testcase classname="backend.tests.test_fotos_express_api.TestStaffApplicationsAPI" name="test_create_staff_application" time="0.104" /><testcase classname="backend.tests.test_fotos_express_api.TestCleanup" name="test_cleanup_test_zones" time="0.289" /><testcase classname="backend.tests.test_fotos_express_api.TestCleanup" name="test_cleanup_test_businesses" time="0.260" /><testcase classname="backend.tests.test_fotos_express_api.TestCleanup" name="test_cleanup_test_ambulant_clients" time="1.003" /><testcase classname="backend.tests.test_fotos_express_api.TestCleanup" name="test_cleanup_test_activity_clients" time="0.259" /></testsuite></testsuites>